Tx 601 2F 14 21 01 00 00 00 00
Tx 601 2F 14 21 02 01 00 00 00
Tx 601 2F 14 21 03 02 00 00 00
Tx 601 2B 14 21 04 64 00 00 00
Tx 601 2F 14 21 05 00 00 00 00
Tx 601 2F 14 21 06 00 00 00 00
Tx 601 23 14 21 07 EC 00 00 00
Tx 601 2B 14 21 08 32 00 00 00
Tx 601 2B 14 21 09 32 00 00 00
Tx 601 2B 14 21 0A 00 00 00 00
Tx 601 2B 14 21 0B 00 00 00 00
Tx 601 2B 14 21 0C 00 00 00 00
Tx 601 2B 14 21 0D 00 00 00 00
Tx 601 21 14 21 0E 08 00 00 00
Tx 601 00 36 37 38 00 00 00 00
Tx 601 1D 00 00 00 00 00 00 00
Tx 601 21 14 21 0F 08 00 00 00
Tx 601 00 3C 3D 3E 00 00 00 00
Tx 601 1D 00 00 00 00 00 00 00
Tx 601 21 14 21 10 08 00 00 00
Tx 601 00 00 00 00 00 00 00 00
Tx 601 1D 00 00 00 00 00 00 00
Tx 601 2B 16 21 01 2C 01 00 00
Tx 601 2B 16 21 02 F4 01 00 00
Tx 601 2B 16 21 03 0A 00 00 00
Tx 601 2B 16 21 04 E8 03 00 00
Tx 601 2F 16 21 05 01 00 00 00
Tx 601 2F 16 21 06 01 00 00 00
Tx 601 2F 16 21 07 04 00 00 00
Tx 601 2B 16 21 08 2C 01 00 00
Tx 601 2B 16 21 09 F4 01 00 00
Tx 601 2B 16 21 0A 0A 00 00 00
Tx 601 2B 16 21 0B E8 03 00 00
Tx 601 2F 16 21 0C 01 00 00 00
Tx 601 2F 16 21 0D 01 00 00 00
Tx 601 2F 16 21 0E 04 00 00 00
Tx 601 2B 16 21 0F 2C 01 00 00
Tx 601 2B 16 21 10 F4 01 00 00
Tx 601 2B 16 21 11 0A 00 00 00
Tx 601 2B 16 21 12 E8 03 00 00
Tx 601 2F 16 21 13 01 00 00 00
Tx 601 2F 16 21 14 01 00 00 00
Tx 601 2F 16 21 15 04 00 00 00
Tx 601 2B 16 21 16 2C 01 00 00
Tx 601 2B 16 21 17 F4 01 00 00
Tx 601 2B 16 21 18 0A 00 00 00
Tx 601 2B 16 21 19 E8 03 00 00
Tx 601 2F 16 21 1A 01 00 00 00
Tx 601 2F 16 21 1B 01 00 00 00
Tx 601 2F 16 21 1C 04 00 00 00
Tx 601 2B 16 21 1D 2C 01 00 00
Tx 601 2B 16 21 1E F4 01 00 00
Tx 601 2B 16 21 1F 0A 00 00 00
Tx 601 2B 16 21 20 E8 03 00 00
Tx 601 2F 16 21 21 01 00 00 00
Tx 601 2F 16 21 22 01 00 00 00
Tx 601 2F 16 21 23 04 00 00 00
Tx 601 2B 16 21 24 2C 01 00 00
Tx 601 2B 16 21 25 F4 01 00 00
Tx 601 2B 16 21 26 0A 00 00 00
Tx 601 2B 16 21 27 E8 03 00 00
Tx 601 2F 16 21 28 01 00 00 00
Tx 601 2F 16 21 29 01 00 00 00
Tx 601 2F 16 21 2A 04 00 00 00
Tx 601 2B 16 21 2B 2C 01 00 00
Tx 601 2B 16 21 2C F4 01 00 00
Tx 601 2B 16 21 2D 0A 00 00 00
Tx 601 2B 16 21 2E E8 03 00 00
Tx 601 2F 16 21 2F 01 00 00 00
Tx 601 2F 16 21 30 01 00 00 00
Tx 601 2F 16 21 31 04 00 00 00
Tx 601 2B 16 21 32 2C 01 00 00
Tx 601 2B 16 21 33 F4 01 00 00
Tx 601 2B 16 21 34 0A 00 00 00
Tx 601 2B 16 21 35 E8 03 00 00
Tx 601 2F 16 21 36 01 00 00 00
Tx 601 2F 16 21 37 01 00 00 00
Tx 601 2F 16 21 38 04 00 00 00
Tx 601 2B 16 21 39 2C 01 00 00
Tx 601 2B 16 21 3A F4 01 00 00
Tx 601 2B 16 21 3B 0A 00 00 00
Tx 601 2B 16 21 3C E8 03 00 00
Tx 601 2F 16 21 3D 01 00 00 00
Tx 601 2F 16 21 3E 01 00 00 00
Tx 601 2F 16 21 3F 04 00 00 00
Tx 601 2B 16 21 40 2C 01 00 00
Tx 601 2B 16 21 41 F4 01 00 00
Tx 601 2B 16 21 42 0A 00 00 00
Tx 601 2B 16 21 43 E8 03 00 00
Tx 601 2F 16 21 44 01 00 00 00
Tx 601 2F 16 21 45 01 00 00 00
Tx 601 2F 16 21 46 04 00 00 00
Tx 601 2B 16 21 47 2C 01 00 00
Tx 601 2B 16 21 48 F4 01 00 00
Tx 601 2B 16 21 49 0A 00 00 00
Tx 601 2B 16 21 4A E8 03 00 00
Tx 601 2F 16 21 4B 01 00 00 00
Tx 601 2F 16 21 4C 01 00 00 00
Tx 601 2F 16 21 4D 04 00 00 00
Tx 601 2B 16 21 4E 2C 01 00 00
Tx 601 2B 16 21 4F F4 01 00 00
Tx 601 2B 16 21 50 0A 00 00 00
Tx 601 2B 16 21 51 E8 03 00 00
Tx 601 2F 16 21 52 01 00 00 00
Tx 601 2F 16 21 53 01 00 00 00
Tx 601 2F 16 21 54 04 00 00 00
Tx 601 2B 16 21 55 2C 01 00 00
Tx 601 2B 16 21 56 F4 01 00 00
Tx 601 2B 16 21 57 0A 00 00 00
Tx 601 2B 16 21 58 E8 03 00 00
Tx 601 2F 16 21 59 01 00 00 00
Tx 601 2F 16 21 5A 01 00 00 00
Tx 601 2F 16 21 5B 04 00 00 00
Tx 601 2B 16 21 5C 2C 01 00 00
Tx 601 2B 16 21 5D F4 01 00 00
Tx 601 2B 16 21 5E 0A 00 00 00
Tx 601 2B 16 21 5F E8 03 00 00
Tx 601 2F 16 21 60 01 00 00 00
Tx 601 2F 16 21 61 01 00 00 00
Tx 601 2F 16 21 62 04 00 00 00
Tx 601 2B 16 21 63 2C 01 00 00
Tx 601 2B 16 21 64 F4 01 00 00
Tx 601 2B 16 21 65 0A 00 00 00
Tx 601 2B 16 21 66 E8 03 00 00
Tx 601 2F 16 21 67 01 00 00 00
Tx 601 2F 16 21 68 01 00 00 00
Tx 601 2F 16 21 69 04 00 00 00
Tx 601 23 17 21 01 00 00 00 00
Tx 601 2B 17 21 02 00 00 00 00
Tx 601 2F 17 21 03 01 00 00 00
Tx 601 23 17 21 04 00 00 00 00
Tx 601 2B 17 21 05 00 00 00 00
Tx 601 2F 17 21 06 01 00 00 00
Tx 601 23 17 21 07 00 00 00 00
Tx 601 2B 17 21 08 00 00 00 00
Tx 601 2F 17 21 09 01 00 00 00
Tx 601 23 17 21 0A 00 00 00 00
Tx 601 2B 17 21 0B 00 00 00 00
Tx 601 2F 17 21 0C 01 00 00 00
Tx 601 23 17 21 0D 00 00 00 00
Tx 601 2B 17 21 0E 00 00 00 00
Tx 601 2F 17 21 0F 01 00 00 00
Tx 601 23 17 21 10 00 00 00 00
Tx 601 2B 17 21 11 00 00 00 00
Tx 601 2F 17 21 12 01 00 00 00
Tx 601 23 17 21 13 00 00 00 00
Tx 601 2B 17 21 14 00 00 00 00
Tx 601 2F 17 21 15 01 00 00 00
Tx 601 23 17 21 16 00 00 00 00
Tx 601 2B 17 21 17 00 00 00 00
Tx 601 2F 17 21 18 01 00 00 00
Tx 601 23 17 21 19 00 00 00 00
Tx 601 2B 17 21 1A 00 00 00 00
Tx 601 2F 17 21 1B 01 00 00 00
Tx 601 23 17 21 1C 00 00 00 00
Tx 601 2B 17 21 1D 00 00 00 00
Tx 601 2F 17 21 1E 01 00 00 00
Tx 601 23 17 21 1F 00 00 00 00
Tx 601 2B 17 21 20 00 00 00 00
Tx 601 2F 17 21 21 01 00 00 00
Tx 601 23 17 21 22 00 00 00 00
Tx 601 2B 17 21 23 00 00 00 00
Tx 601 2F 17 21 24 01 00 00 00
Tx 601 21 15 21 01 08 00 00 00
Tx 601 00 00 00 00 00 00 00 F0
Tx 601 1D 3F 00 00 00 00 00 00
Tx 601 21 15 21 02 08 00 00 00
Tx 601 00 00 00 00 00 00 00 00
Tx 601 1D 00 00 00 00 00 00 00
Tx 601 21 15 21 03 08 00 00 00
Tx 601 00 00 00 00 00 00 00 00
Tx 601 1D 00 00 00 00 00 00 00
Tx 601 21 15 21 04 08 00 00 00
Tx 601 00 00 00 00 00 00 00 F0
Tx 601 1D 3F 00 00 00 00 00 00
Tx 601 21 15 21 05 08 00 00 00
Tx 601 00 00 00 00 00 00 00 00
Tx 601 1D 00 00 00 00 00 00 00
Tx 601 21 15 21 06 08 00 00 00
Tx 601 00 00 00 00 00 00 00 00
Tx 601 1D 00 00 00 00 00 00 00
Tx 601 21 15 21 07 08 00 00 00
Tx 601 00 00 00 00 00 00 00 F0
Tx 601 1D 3F 00 00 00 00 00 00
Tx 601 21 15 21 08 08 00 00 00
Tx 601 00 00 00 00 00 00 00 00
Tx 601 1D 00 00 00 00 00 00 00
Tx 601 21 15 21 09 08 00 00 00
Tx 601 00 00 00 00 00 00 00 00
Tx 601 1D 00 00 00 00 00 00 00
Tx 601 21 15 21 0A 08 00 00 00
Tx 601 00 00 00 00 00 00 00 F0
Tx 601 1D 3F 00 00 00 00 00 00
Tx 601 21 15 21 0B 08 00 00 00
Tx 601 00 00 00 00 00 00 00 00
Tx 601 1D 00 00 00 00 00 00 00
Tx 601 21 15 21 0C 08 00 00 00
Tx 601 00 00 00 00 00 00 00 00
Tx 601 1D 00 00 00 00 00 00 00
Tx 601 21 15 21 0D 08 00 00 00
Tx 601 00 00 00 00 00 00 00 F0
Tx 601 1D 3F 00 00 00 00 00 00
Tx 601 21 15 21 0E 08 00 00 00
Tx 601 00 00 00 00 00 00 00 00
Tx 601 1D 00 00 00 00 00 00 00
Tx 601 21 15 21 0F 08 00 00 00
Tx 601 00 00 00 00 00 00 00 00
Tx 601 1D 00 00 00 00 00 00 00
Tx 601 21 15 21 10 08 00 00 00
Tx 601 00 00 00 00 00 00 00 F0
Tx 601 1D 3F 00 00 00 00 00 00
Tx 601 21 15 21 11 08 00 00 00
Tx 601 00 00 00 00 00 00 00 00
Tx 601 1D 00 00 00 00 00 00 00
Tx 601 21 15 21 12 08 00 00 00
Tx 601 00 00 00 00 00 00 00 00
Tx 601 1D 00 00 00 00 00 00 00
Tx 601 21 15 21 13 08 00 00 00
Tx 601 00 00 00 00 00 00 00 F0
Tx 601 1D 3F 00 00 00 00 00 00
Tx 601 21 15 21 14 08 00 00 00
Tx 601 00 00 00 00 00 00 00 00
Tx 601 1D 00 00 00 00 00 00 00
Tx 601 21 15 21 15 08 00 00 00
Tx 601 00 00 00 00 00 00 00 00
Tx 601 1D 00 00 00 00 00 00 00
Tx 601 21 15 21 16 08 00 00 00
Tx 601 00 00 00 00 00 00 00 F0
Tx 601 1D 3F 00 00 00 00 00 00
Tx 601 21 15 21 17 08 00 00 00
Tx 601 00 00 00 00 00 00 00 00
Tx 601 1D 00 00 00 00 00 00 00
Tx 601 21 15 21 18 08 00 00 00
Tx 601 00 00 00 00 00 00 00 00
Tx 601 1D 00 00 00 00 00 00 00
Tx 601 21 15 21 19 08 00 00 00
Tx 601 00 00 00 00 00 00 00 F0
Tx 601 1D 3F 00 00 00 00 00 00
Tx 601 21 15 21 1A 08 00 00 00
Tx 601 00 00 00 00 00 00 00 00
Tx 601 1D 00 00 00 00 00 00 00
Tx 601 21 15 21 1B 08 00 00 00
Tx 601 00 00 00 00 00 00 00 00
Tx 601 1D 00 00 00 00 00 00 00
Tx 601 21 15 21 1C 08 00 00 00
Tx 601 00 00 00 00 00 00 00 F0
Tx 601 1D 3F 00 00 00 00 00 00
Tx 601 21 15 21 1D 08 00 00 00
Tx 601 00 00 00 00 00 00 00 00
Tx 601 1D 00 00 00 00 00 00 00
Tx 601 21 15 21 1E 08 00 00 00
Tx 601 00 00 00 00 00 00 00 00
Tx 601 1D 00 00 00 00 00 00 00
Tx 601 21 15 21 1F 08 00 00 00
Tx 601 00 00 00 00 00 00 00 F0
Tx 601 1D 3F 00 00 00 00 00 00
Tx 601 21 15 21 20 08 00 00 00
Tx 601 00 00 00 00 00 00 00 00
Tx 601 1D 00 00 00 00 00 00 00
Tx 601 21 15 21 21 08 00 00 00
Tx 601 00 00 00 00 00 00 00 00
Tx 601 1D 00 00 00 00 00 00 00
Tx 601 21 15 21 22 08 00 00 00
Tx 601 00 00 00 00 00 00 00 F0
Tx 601 1D 3F 00 00 00 00 00 00
Tx 601 21 15 21 23 08 00 00 00
Tx 601 00 00 00 00 00 00 00 00
Tx 601 1D 00 00 00 00 00 00 00
Tx 601 21 15 21 24 08 00 00 00
Tx 601 00 00 00 00 00 00 00 00
Tx 601 1D 00 00 00 00 00 00 00
Tx 601 21 15 21 25 08 00 00 00
Tx 601 00 00 00 00 00 00 00 F0
Tx 601 1D 3F 00 00 00 00 00 00
Tx 601 21 15 21 26 08 00 00 00
Tx 601 00 00 00 00 00 00 00 00
Tx 601 1D 00 00 00 00 00 00 00
Tx 601 21 15 21 27 08 00 00 00
Tx 601 00 00 00 00 00 00 00 00
Tx 601 1D 00 00 00 00 00 00 00
Tx 601 21 15 21 28 08 00 00 00
Tx 601 00 00 00 00 00 00 00 F0
Tx 601 1D 3F 00 00 00 00 00 00
Tx 601 21 15 21 29 08 00 00 00
Tx 601 00 00 00 00 00 00 00 00
Tx 601 1D 00 00 00 00 00 00 00
Tx 601 21 15 21 2A 08 00 00 00
Tx 601 00 00 00 00 00 00 00 00
Tx 601 1D 00 00 00 00 00 00 00
Tx 601 21 15 21 2B 08 00 00 00
Tx 601 00 00 00 00 00 00 00 F0
Tx 601 1D 3F 00 00 00 00 00 00
Tx 601 21 15 21 2C 08 00 00 00
Tx 601 00 00 00 00 00 00 00 00
Tx 601 1D 00 00 00 00 00 00 00
Tx 601 21 15 21 2D 08 00 00 00
Tx 601 00 00 00 00 00 00 00 00
Tx 601 1D 00 00 00 00 00 00 00
Tx 601 21 15 21 2E 08 00 00 00
Tx 601 00 00 00 00 00 00 00 F0
Tx 601 1D 3F 00 00 00 00 00 00
Tx 601 21 15 21 2F 08 00 00 00
Tx 601 00 00 00 00 00 00 00 00
Tx 601 1D 00 00 00 00 00 00 00
Tx 601 21 15 21 30 08 00 00 00
Tx 601 00 00 00 00 00 00 00 00
Tx 601 1D 00 00 00 00 00 00 00
Tx 601 2F 18 21 01 01 00 00 00
Tx 601 2B 18 21 02 18 FC 00 00
Tx 601 2B 18 21 03 E8 03 00 00
Tx 601 2F 18 21 04 02 00 00 00
Tx 601 2B 18 21 05 18 FC 00 00
Tx 601 2B 18 21 06 E8 03 00 00
Tx 601 2F 18 21 07 04 00 00 00
Tx 601 2F 18 21 08 00 00 00 00
Tx 601 2B 19 21 01 18 FC 00 00
Tx 601 2B 19 21 02 E8 03 00 00
Tx 601 2B 19 21 03 00 00 00 00
Tx 601 2B 19 21 04 18 FC 00 00
Tx 601 2B 19 21 05 E8 03 00 00
Tx 601 2B 19 21 06 E8 03 00 00
Tx 601 2F 19 21 07 00 00 00 00
Tx 601 2B 19 21 08 18 FC 00 00
Tx 601 2B 19 21 09 E8 03 00 00
Tx 601 2B 19 21 0A 00 00 00 00
Tx 601 2B 19 21 0B 18 FC 00 00
Tx 601 2B 19 21 0C E8 03 00 00
Tx 601 2B 19 21 0D E8 03 00 00
Tx 601 2F 19 21 0E 00 00 00 00
Tx 601 2B 19 21 0F 18 FC 00 00
Tx 601 2B 19 21 10 E8 03 00 00
Tx 601 2B 19 21 11 00 00 00 00
Tx 601 2B 19 21 12 18 FC 00 00
Tx 601 2B 19 21 13 E8 03 00 00
Tx 601 2B 19 21 14 E8 03 00 00
Tx 601 2F 19 21 15 00 00 00 00
Tx 601 2B 19 21 16 18 FC 00 00
Tx 601 2B 19 21 17 E8 03 00 00
Tx 601 2B 19 21 18 00 00 00 00
Tx 601 2B 19 21 19 18 FC 00 00
Tx 601 2B 19 21 1A E8 03 00 00
Tx 601 2B 19 21 1B E8 03 00 00
Tx 601 2F 19 21 1C 00 00 00 00
Tx 601 2B 19 21 1D 18 FC 00 00
Tx 601 2B 19 21 1E E8 03 00 00
Tx 601 2B 19 21 1F 00 00 00 00
Tx 601 2B 19 21 20 18 FC 00 00
Tx 601 2B 19 21 21 E8 03 00 00
Tx 601 2B 19 21 22 E8 03 00 00
Tx 601 2F 19 21 23 00 00 00 00
Tx 601 2B 19 21 24 18 FC 00 00
Tx 601 2B 19 21 25 E8 03 00 00
Tx 601 2B 19 21 26 00 00 00 00
Tx 601 2B 19 21 27 18 FC 00 00
Tx 601 2B 19 21 28 E8 03 00 00
Tx 601 2B 19 21 29 E8 03 00 00
Tx 601 2F 19 21 2A 00 00 00 00
Tx 601 2B 19 21 2B 18 FC 00 00
Tx 601 2B 19 21 2C E8 03 00 00
Tx 601 2B 19 21 2D 00 00 00 00
Tx 601 2B 19 21 2E 18 FC 00 00
Tx 601 2B 19 21 2F E8 03 00 00
Tx 601 2B 19 21 30 E8 03 00 00
Tx 601 2F 19 21 31 00 00 00 00
Tx 601 2B 19 21 32 18 FC 00 00
Tx 601 2B 19 21 33 E8 03 00 00
Tx 601 2B 19 21 34 00 00 00 00
Tx 601 2B 19 21 35 18 FC 00 00
Tx 601 2B 19 21 36 E8 03 00 00
Tx 601 2B 19 21 37 E8 03 00 00
Tx 601 2F 19 21 38 00 00 00 00
Tx 601 2B 19 21 39 18 FC 00 00
Tx 601 2B 19 21 3A E8 03 00 00
Tx 601 2B 19 21 3B 00 00 00 00
Tx 601 2B 19 21 3C 18 FC 00 00
Tx 601 2B 19 21 3D E8 03 00 00
Tx 601 2B 19 21 3E E8 03 00 00
Tx 601 2F 19 21 3F 00 00 00 00
Tx 601 2B 19 21 40 18 FC 00 00
Tx 601 2B 19 21 41 E8 03 00 00
Tx 601 2B 19 21 42 00 00 00 00
Tx 601 2B 19 21 43 18 FC 00 00
Tx 601 2B 19 21 44 E8 03 00 00
Tx 601 2B 19 21 45 E8 03 00 00
Tx 601 2F 19 21 46 00 00 00 00
Tx 601 2B 19 21 47 18 FC 00 00
Tx 601 2B 19 21 48 E8 03 00 00
Tx 601 2B 19 21 49 00 00 00 00
Tx 601 2B 19 21 4A 18 FC 00 00
Tx 601 2B 19 21 4B E8 03 00 00
Tx 601 2B 19 21 4C E8 03 00 00
Tx 601 2F 19 21 4D 00 00 00 00
Tx 601 2B 19 21 4E 18 FC 00 00
Tx 601 2B 19 21 4F E8 03 00 00
Tx 601 2B 19 21 50 00 00 00 00
Tx 601 2B 19 21 51 18 FC 00 00
Tx 601 2B 19 21 52 E8 03 00 00
Tx 601 2B 19 21 53 E8 03 00 00
Tx 601 2F 19 21 54 00 00 00 00
Tx 601 23 19 21 55 00 00 00 00
Tx 601 2F 1B 21 01 03 00 00 00
Tx 601 2B 1A 21 01 14 00 00 00
Tx 601 2B 1A 21 02 C8 00 00 00
Tx 601 2B 1A 21 03 F4 01 00 00
Tx 601 2B 1A 21 04 01 00 00 00
Tx 601 2B 1A 21 05 0A 00 00 00
Tx 601 2B 1A 21 06 01 00 00 00
Tx 601 2B 1A 21 07 20 03 00 00
Tx 601 2B 1A 21 08 B0 04 00 00
Tx 601 2B 1A 21 09 64 00 00 00
Tx 601 2F 1A 21 0A 08 00 00 00
Tx 601 2F 1B 21 02 00 00 00 00
Tx 601 23 1B 21 03 B8 3B 9E 00
Tx 601 23 1B 21 04 00 FF 00 FF
